address		content (hex)	content (dec)
0x7fff2a46601e	34		52
0x7fff2a46601f	12		18
0x7fff2a46601d	ffffff81		-127
0x7fff2a466020	ffffffcb		-53
0x7fff2a466021	7e		126
0x7fff2a466022	49		73
0x7fff2a466023	0		0
0x7fff2a466024	0		0
0x7fff2a466025	0		0
0x7fff2a466026	0		0
0x7fff2a466027	0		0
0x7fff2a466028	ffffff98		-104
0x7fff2a466029	3		3
0x7fff2a46602a	10		16
0x7fff2a46602b	0		0
0x7fff2a46602c	0		0
0x7fff2a46602d	0		0
0x7fff2a46602e	0		0
0x7fff2a46602f	0		0
0x7fff2a466030	44		68
0x7fff2a466031	33		51
0x7fff2a466032	22		34
0x7fff2a466033	11		17
0x7fff2a466034	11		17
0x7fff2a466035	22		34
0x7fff2a466036	33		51
0x7fff2a466037	44		68
